{"C:\\Users\\josep\\source\\CI_CD\\GithubActions\\src\\index.tsx": {"path":"C:\\Users\\josep\\source\\CI_CD\\GithubActions\\src\\index.tsx","statementMap":{"0":{"start":{"line":6,"column":13},"end":{"line":6,"column":80}},"1":{"start":{"line":7,"column":0},"end":{"line":11,"column":1}}},"fnMap":{},"branchMap":{},"s":{"0":0,"1":0},"f":{},"b":{}}
,"C:\\Users\\josep\\source\\CI_CD\\GithubActions\\src\\component\\App.tsx": {"path":"C:\\Users\\josep\\source\\CI_CD\\GithubActions\\src\\component\\App.tsx","statementMap":{"0":{"start":{"line":5,"column":2},"end":{"line":11,"column":3}}},"fnMap":{"0":{"name":"App","decl":{"start":{"line":4,"column":9},"end":{"line":4,"column":12}},"loc":{"start":{"line":4,"column":15},"end":{"line":12,"column":1}},"line":4}},"branchMap":{},"s":{"0":1},"f":{"0":1},"b":{},"_coverageSchema":"1a1c01bbd47fc00a2c39e90264f33305004495a9","hash":"b286be161d192943dbbf544c4be75b4b216d1e1b"}
}
